<?xml version="1.0" encoding="UTF-8"?>
<testsuite name="com.app.doggi.DoggiApplicationTests" tests="1" skipped="0" failures="0" errors="0" timestamp="2021-04-26T02:52:44" hostname="MacBook-Air-de-Christian.local" time="0.367">
  <properties/>
  <testcase name="contextLoads()" classname="com.app.doggi.DoggiApplicationTests" time="0.367"/>
  <system-out><![CDATA[21:52:31.366 [Test worker] DEBUG org.springframework.test.context.BootstrapUtils - Instantiating CacheAwareContextLoaderDelegate from class [org.springframework.test.context.cache.DefaultCacheAwareContextLoaderDelegate]
21:52:31.435 [Test worker] DEBUG org.springframework.test.context.BootstrapUtils - Instantiating BootstrapContext using constructor [public org.springframework.test.context.support.DefaultBootstrapContext(java.lang.Class,org.springframework.test.context.CacheAwareContextLoaderDelegate)]
21:52:31.594 [Test worker] DEBUG org.springframework.test.context.BootstrapUtils - Instantiating TestContextBootstrapper for test class [com.app.doggi.DoggiApplicationTests] from class [org.springframework.boot.test.context.SpringBootTestContextBootstrapper]
21:52:31.658 [Test worker] INFO org.springframework.boot.test.context.SpringBootTestContextBootstrapper - Neither @ContextConfiguration nor @ContextHierarchy found for test class [com.app.doggi.DoggiApplicationTests], using SpringBootContextLoader
21:52:31.686 [Test worker] DEBUG org.springframework.test.context.support.AbstractContextLoader - Did not detect default resource location for test class [com.app.doggi.DoggiApplicationTests]: class path resource [com/app/doggi/DoggiApplicationTests-context.xml] does not exist
21:52:31.690 [Test worker] DEBUG org.springframework.test.context.support.AbstractContextLoader - Did not detect default resource location for test class [com.app.doggi.DoggiApplicationTests]: class path resource [com/app/doggi/DoggiApplicationTestsContext.groovy] does not exist
21:52:31.691 [Test worker] INFO org.springframework.test.context.support.AbstractContextLoader - Could not detect default resource locations for test class [com.app.doggi.DoggiApplicationTests]: no resource found for suffixes {-context.xml, Context.groovy}.
21:52:31.693 [Test worker] INFO org.springframework.test.context.support.AnnotationConfigContextLoaderUtils - Could not detect default configuration classes for test class [com.app.doggi.DoggiApplicationTests]: DoggiApplicationTests does not declare any static, non-private, non-final, nested classes annotated with @Configuration.
21:52:31.933 [Test worker] DEBUG org.springframework.test.context.support.ActiveProfilesUtils - Could not find an 'annotation declaring class' for annotation type [org.springframework.test.context.ActiveProfiles] and class [com.app.doggi.DoggiApplicationTests]
21:52:32.164 [Test worker] DEBUG org.springframework.context.annotation.ClassPathScanningCandidateComponentProvider - Identified candidate component class: file [/Users/christianandres/Documents/doggiApp-project /doggi/build/classes/java/main/com/app/doggi/DoggiApplication.class]
21:52:32.170 [Test worker] INFO org.springframework.boot.test.context.SpringBootTestContextBootstrapper - Found @SpringBootConfiguration com.app.doggi.DoggiApplication for test class com.app.doggi.DoggiApplicationTests
21:52:32.561 [Test worker] DEBUG org.springframework.boot.test.context.SpringBootTestContextBootstrapper - @TestExecutionListeners is not present for class [com.app.doggi.DoggiApplicationTests]: using defaults.
21:52:32.562 [Test worker] INFO org.springframework.boot.test.context.SpringBootTestContextBootstrapper - Loaded default TestExecutionListener class names from location [META-INF/spring.factories]: [org.springframework.boot.test.autoconfigure.restdocs.RestDocsTestExecutionListener, org.springframework.boot.test.autoconfigure.web.client.MockRestServiceServerResetTestExecutionListener, org.springframework.boot.test.autoconfigure.web.servlet.MockMvcPrintOnlyOnFailureTestExecutionListener, org.springframework.boot.test.autoconfigure.web.servlet.WebDriverTestExecutionListener, org.springframework.boot.test.autoconfigure.webservices.client.MockWebServiceServerTestExecutionListener, org.springframework.boot.test.mock.mockito.MockitoTestExecutionListener, org.springframework.boot.test.mock.mockito.ResetMocksTestExecutionListener, org.springframework.test.context.web.ServletTestExecutionListener, org.springframework.test.context.support.DirtiesContextBeforeModesTestExecutionListener, org.springframework.test.context.event.ApplicationEventsTestExecutionListener, org.springframework.test.context.support.DependencyInjectionTestExecutionListener, org.springframework.test.context.support.DirtiesContextTestExecutionListener, org.springframework.test.context.transaction.TransactionalTestExecutionListener, org.springframework.test.context.jdbc.SqlScriptsTestExecutionListener, org.springframework.test.context.event.EventPublishingTestExecutionListener]
21:52:32.642 [Test worker] INFO org.springframework.boot.test.context.SpringBootTestContextBootstrapper - Using TestExecutionListeners: [org.springframework.test.context.web.ServletTestExecutionListener@2c4733cc, org.springframework.test.context.support.DirtiesContextBeforeModesTestExecutionListener@1b8d1b51, org.springframework.test.context.event.ApplicationEventsTestExecutionListener@4ced81ce, org.springframework.boot.test.mock.mockito.MockitoTestExecutionListener@5e956539, org.springframework.boot.test.autoconfigure.SpringBootDependencyInjectionTestExecutionListener@4b59f474, org.springframework.test.context.support.DirtiesContextTestExecutionListener@387d29dd, org.springframework.test.context.transaction.TransactionalTestExecutionListener@183e2ced, org.springframework.test.context.jdbc.SqlScriptsTestExecutionListener@6df73e7e, org.springframework.test.context.event.EventPublishingTestExecutionListener@69099de0, org.springframework.boot.test.autoconfigure.restdocs.RestDocsTestExecutionListener@386b62dd, org.springframework.boot.test.autoconfigure.web.client.MockRestServiceServerResetTestExecutionListener@51db7879, org.springframework.boot.test.autoconfigure.web.servlet.MockMvcPrintOnlyOnFailureTestExecutionListener@50ba8f2, org.springframework.boot.test.autoconfigure.web.servlet.WebDriverTestExecutionListener@20c8d32e, org.springframework.boot.test.autoconfigure.webservices.client.MockWebServiceServerTestExecutionListener@43d62060, org.springframework.boot.test.mock.mockito.ResetMocksTestExecutionListener@49c480d3]
21:52:32.675 [Test worker] DEBUG org.springframework.test.context.support.AbstractDirtiesContextTestExecutionListener - Before test class: context [DefaultTestContext@59603288 testClass = DoggiApplicationTests, testInstance = [null], testMethod = [null], testException = [null], mergedContextConfiguration = [WebMergedContextConfiguration@321c4413 testClass = DoggiApplicationTests, locations = '{}', classes = '{class com.app.doggi.DoggiApplication}', contextInitializerClasses = '[]', activeProfiles = '{}', propertySourceLocations = '{}', propertySourceProperties = '{org.springframework.boot.test.context.SpringBootTestContextBootstrapper=true}', contextCustomizers = set[org.springframework.boot.test.autoconfigure.actuate.metrics.MetricsExportContextCustomizerFactory$DisableMetricExportContextCustomizer@7735c48b, org.springframework.boot.test.autoconfigure.properties.PropertyMappingContextCustomizer@0, org.springframework.boot.test.autoconfigure.web.servlet.WebDriverContextCustomizerFactory$Customizer@74dcb03c, org.springframework.boot.test.context.filter.ExcludeFilterContextCustomizer@26ed57fc, org.springframework.boot.test.json.DuplicateJsonObjectContextCustomizerFactory$DuplicateJsonObjectContextCustomizer@4498c887, org.springframework.boot.test.mock.mockito.MockitoContextCustomizer@0, org.springframework.boot.test.web.client.TestRestTemplateContextCustomizer@5c9eeba6, org.springframework.boot.test.context.SpringBootTestArgs@1, org.springframework.boot.test.context.SpringBootTestWebEnvironment@724652cb], resourceBasePath = 'src/main/webapp', contextLoader = 'org.springframework.boot.test.context.SpringBootContextLoader', parent = [null]], attributes = map['org.springframework.test.context.web.ServletTestExecutionListener.activateListener' -> true]], class annotated with @DirtiesContext [false] with mode [null].
21:52:32.800 [Test worker] DEBUG org.springframework.test.context.support.TestPropertySourceUtils - Adding inlined properties to environment: {spring.jmx.enabled=false, org.springframework.boot.test.context.SpringBootTestContextBootstrapper=true}

  .   ____          _            __ _ _
 /\\ / ___'_ __ _ _(_)_ __  __ _ \ \ \ \
( ( )\___ | '_ | '_| | '_ \/ _` | \ \ \ \
 \\/  ___)| |_)| | | | | || (_| |  ) ) ) )
  '  |____| .__|_| |_|_| |_\__, | / / / /
 =========|_|==============|___/=/_/_/_/
 :: Spring Boot ::                (v2.4.4)

2021-04-25 21:52:34.068  INFO 46546 --- [    Test worker] com.app.doggi.DoggiApplicationTests      : Starting DoggiApplicationTests using Java 11.0.10 on MacBook-Air-de-Christian.local with PID 46546 (started by christianandres in /Users/christianandres/Documents/doggiApp-project /doggi)
2021-04-25 21:52:34.075  INFO 46546 --- [    Test worker] com.app.doggi.DoggiApplicationTests      : No active profile set, falling back to default profiles: default
2021-04-25 21:52:36.272  INFO 46546 --- [    Test worker] .s.d.r.c.RepositoryConfigurationDelegate : Bootstrapping Spring Data JPA repositories in DEFAULT mode.
2021-04-25 21:52:36.448  INFO 46546 --- [    Test worker] .s.d.r.c.RepositoryConfigurationDelegate : Finished Spring Data repository scanning in 151 ms. Found 3 JPA repository interfaces.
2021-04-25 21:52:37.760  INFO 46546 --- [    Test worker] o.hibernate.jpa.internal.util.LogHelper  : HHH000204: Processing PersistenceUnitInfo [name: default]
2021-04-25 21:52:37.906  INFO 46546 --- [    Test worker] org.hibernate.Version                    : HHH000412: Hibernate ORM core version 5.4.29.Final
2021-04-25 21:52:38.367  INFO 46546 --- [    Test worker] o.hibernate.annotations.common.Version   : HCANN000001: Hibernate Commons Annotations {5.1.2.Final}
2021-04-25 21:52:38.675  INFO 46546 --- [    Test worker] com.zaxxer.hikari.HikariDataSource       : HikariPool-1 - Starting...
2021-04-25 21:52:39.167  INFO 46546 --- [    Test worker] com.zaxxer.hikari.HikariDataSource       : HikariPool-1 - Start completed.
2021-04-25 21:52:39.292  INFO 46546 --- [    Test worker] org.hibernate.dialect.Dialect            : HHH000400: Using dialect: org.hibernate.dialect.H2Dialect
Hibernate: 
    
    drop table if exists color CASCADE 
Hibernate: 
    
    drop table if exists dog_breed CASCADE 
Hibernate: 
    
    drop table if exists dogbreed_color CASCADE 
Hibernate: 
    
    drop table if exists dogbreed_nature CASCADE 
Hibernate: 
    
    drop table if exists nature CASCADE 
Hibernate: 
    
    create table color (
       id bigint generated by default as identity,
        name varchar(255) not null,
        primary key (id)
    )
Hibernate: 
    
    create table dog_breed (
       id bigint generated by default as identity,
        height double not null,
        life_expectancy integer not null,
        name varchar(45) not null,
        weight double not null,
        primary key (id)
    )
Hibernate: 
    
    create table dogbreed_color (
       fk_dog_breed bigint not null,
        fk_color bigint not null
    )
Hibernate: 
    
    create table dogbreed_nature (
       fk_dog_breed bigint not null,
        fk_nature bigint not null
    )
Hibernate: 
    
    create table nature (
       id bigint generated by default as identity,
        name varchar(255) not null,
        primary key (id)
    )
Hibernate: 
    
    alter table dogbreed_color 
       add constraint FK2konu5b100lsv9yj11guwo8ie 
       foreign key (fk_color) 
       references color
Hibernate: 
    
    alter table dogbreed_color 
       add constraint FKh37omvh433xpa4qe45ttq85we 
       foreign key (fk_dog_breed) 
       references dog_breed
Hibernate: 
    
    alter table dogbreed_nature 
       add constraint FKju2ieyen6wcjver7n0gnlw1yi 
       foreign key (fk_nature) 
       references nature
Hibernate: 
    
    alter table dogbreed_nature 
       add constraint FKac88cf5t0on9kgsint8fdnsrc 
       foreign key (fk_dog_breed) 
       references dog_breed
2021-04-25 21:52:41.437  INFO 46546 --- [    Test worker] o.h.e.t.j.p.i.JtaPlatformInitiator       : HHH000490: Using JtaPlatform implementation: [org.hibernate.engine.transaction.jta.platform.internal.NoJtaPlatform]
2021-04-25 21:52:41.475  INFO 46546 --- [    Test worker] j.LocalContainerEntityManagerFactoryBean : Initialized JPA EntityManagerFactory for persistence unit 'default'
2021-04-25 21:52:43.094  WARN 46546 --- [    Test worker] JpaBaseConfiguration$JpaWebConfiguration : spring.jpa.open-in-view is enabled by default. Therefore, database queries may be performed during view rendering. Explicitly configure spring.jpa.open-in-view to disable this warning
2021-04-25 21:52:43.627  INFO 46546 --- [    Test worker] o.s.s.concurrent.ThreadPoolTaskExecutor  : Initializing ExecutorService 'applicationTaskExecutor'
2021-04-25 21:52:43.754  INFO 46546 --- [    Test worker] o.s.b.a.h2.H2ConsoleAutoConfiguration    : H2 console available at '/h2'. Database available at 'jdbc:h2:mem:~/dogbreed'
2021-04-25 21:52:44.433  INFO 46546 --- [    Test worker] com.app.doggi.DoggiApplicationTests      : Started DoggiApplicationTests in 11.591 seconds (JVM running for 17.531)
]]></system-out>
  <system-err><![CDATA[]]></system-err>
</testsuite>
